This file contains any messages produced by compilers while
running configure, to aid debugging if configure makes a mistake.

It was created by wxGLtest configure 0.0.1, which was
generated by GNU Autoconf 2.69.  Invocation command line was

  $ ./configure 

## --------- ##
## Platform. ##
## --------- ##

hostname = tim-linux
uname -m = x86_64
uname -r = 4.13.0-1-amd64
uname -s = Linux
uname -v = #1 SMP Debian 4.13.4-2 (2017-10-15)

/usr/bin/uname -p = unknown
/bin/uname -X     = unknown

/bin/arch              = unknown
/usr/bin/arch -k       = unknown
/usr/convex/getsysinfo = unknown
/usr/bin/hostinfo      = unknown
/bin/machine           = unknown
/usr/bin/oslevel       = unknown
/bin/universe          = unknown

PATH: /home/tim/bin
PATH: /usr/local/bin
PATH: /usr/bin
PATH: /bin
PATH: /usr/local/games
PATH: /usr/games
PATH: /home/tim/bin
PATH: /home/tim/bin


## ----------- ##
## Core tests. ##
## ----------- ##

configure:1912: checking for g++
configure:1928: found /usr/bin/g++
configure:1939: result: g++
configure:1966: checking for C++ compiler version
configure:1975: g++ --version >&5
g++ (Debian 7.2.0-14) 7.2.0
Copyright (C) 2017 Free Software Foundation, Inc.
This is free software; see the source for copying conditions.  There is NO
warranty; not even for MERCHANTABILITY or FITNESS FOR A PARTICULAR PURPOSE.

configure:1986: $? = 0
configure:1975: g++ -v >&5
Using built-in specs.
COLLECT_GCC=g++
COLLECT_LTO_WRAPPER=/usr/lib/gcc/x86_64-linux-gnu/7/lto-wrapper
OFFLOAD_TARGET_NAMES=nvptx-none
OFFLOAD_TARGET_DEFAULT=1
Target: x86_64-linux-gnu
Configured with: ../src/configure -v --with-pkgversion='Debian 7.2.0-14' --with-bugurl=file:///usr/share/doc/gcc-7/README.Bugs --enable-languages=c,ada,c++,go,brig,d,fortran,objc,obj-c++ --prefix=/usr --with-gcc-major-version-only --program-suffix=-7 --program-prefix=x86_64-linux-gnu- --enable-shared --enable-linker-build-id --libexecdir=/usr/lib --without-included-gettext --enable-threads=posix --libdir=/usr/lib --enable-nls --with-sysroot=/ --enable-clocale=gnu --enable-libstdcxx-debug --enable-libstdcxx-time=yes --with-default-libstdcxx-abi=new --enable-gnu-unique-object --disable-vtable-verify --enable-libmpx --enable-plugin --enable-default-pie --with-system-zlib --with-target-system-zlib --enable-objc-gc=auto --enable-multiarch --disable-werror --with-arch-32=i686 --with-abi=m64 --with-multilib-list=m32,m64,mx32 --enable-multilib --with-tune=generic --enable-offload-targets=nvptx-none --without-cuda-driver --enable-checking=release --build=x86_64-linux-gnu --host=x86_64-linux-gnu --target=x86_64-linux-gnu
Thread model: posix
gcc version 7.2.0 (Debian 7.2.0-14) 
configure:1986: $? = 0
configure:1975: g++ -V >&5
g++: error: unrecognized command line option '-V'
g++: fatal error: no input files
compilation terminated.
configure:1986: $? = 1
configure:1975: g++ -qversion >&5
g++: error: unrecognized command line option '-qversion'; did you mean '--version'?
g++: fatal error: no input files
compilation terminated.
configure:1986: $? = 1
configure:2006: checking whether the C++ compiler works
configure:2028: g++    conftest.cpp  >&5
configure:2032: $? = 0
configure:2080: result: yes
configure:2083: checking for C++ compiler default output file name
configure:2085: result: a.out
configure:2091: checking for suffix of executables
configure:2098: g++ -o conftest    conftest.cpp  >&5
configure:2102: $? = 0
configure:2124: result: 
configure:2146: checking whether we are cross compiling
configure:2154: g++ -o conftest    conftest.cpp  >&5
configure:2158: $? = 0
configure:2165: ./conftest
configure:2169: $? = 0
configure:2184: result: no
configure:2189: checking for suffix of object files
configure:2211: g++ -c   conftest.cpp >&5
configure:2215: $? = 0
configure:2236: result: o
configure:2240: checking whether we are using the GNU C++ compiler
configure:2259: g++ -c   conftest.cpp >&5
configure:2259: $? = 0
configure:2268: result: yes
configure:2277: checking whether g++ accepts -g
configure:2297: g++ -c -g  conftest.cpp >&5
configure:2297: $? = 0
configure:2338: result: yes
configure:2406: checking for a BSD-compatible install
configure:2474: result: /usr/bin/install -c
configure:2485: checking whether build environment is sane
configure:2540: result: yes
configure:2691: checking for a thread-safe mkdir -p
configure:2730: result: /bin/mkdir -p
configure:2737: checking for gawk
configure:2767: result: no
configure:2737: checking for mawk
configure:2753: found /usr/bin/mawk
configure:2764: result: mawk
configure:2775: checking whether make sets $(MAKE)
configure:2797: result: yes
configure:2827: checking for style of include used by make
configure:2855: result: GNU
configure:2889: checking whether make supports nested variables
configure:2906: result: yes
configure:2991: checking dependency style of g++
configure:3102: result: gcc3
configure:3233: checking for wx-config
configure:3252: found /usr/bin/wx-config
configure:3265: result: /usr/bin/wx-config
configure:3280: checking for wxWidgets version >= 3.1.0
configure:3326: result: yes (version 3.1.0)
configure:3330: checking for wxWidgets static library
configure:3334: result: no
configure:3538: checking for pkg-config
configure:3556: found /usr/bin/pkg-config
configure:3568: result: /usr/bin/pkg-config
configure:3593: checking pkg-config is at least version 0.9.0
configure:3596: result: yes
configure:3606: checking for X11
configure:3613: $PKG_CONFIG --exists --print-errors "x11"
configure:3616: $? = 0
configure:3630: $PKG_CONFIG --exists --print-errors "x11"
configure:3633: $? = 0
configure:3691: result: yes
configure:3697: checking for GLEW
configure:3704: $PKG_CONFIG --exists --print-errors "glew"
configure:3707: $? = 0
configure:3721: $PKG_CONFIG --exists --print-errors "glew"
configure:3724: $? = 0
configure:3782: result: yes
configure:3898: checking that generated files are newer than configure
configure:3904: result: done
configure:3927: creating ./config.status

## ---------------------- ##
## Running config.status. ##
## ---------------------- ##

This file was extended by wxGLtest config.status 0.0.1, which was
generated by GNU Autoconf 2.69.  Invocation command line was

  CONFIG_FILES    = 
  CONFIG_HEADERS  = 
  CONFIG_LINKS    = 
  CONFIG_COMMANDS = 
  $ ./config.status 

on tim-linux

config.status:863: creating Makefile
config.status:863: creating src/Makefile
config.status:863: creating config.h
config.status:1092: executing depfiles commands

## ---------------- ##
## Cache variables. ##
## ---------------- ##

ac_cv_cxx_compiler_gnu=yes
ac_cv_env_CCC_set=
ac_cv_env_CCC_value=
ac_cv_env_CPPFLAGS_set=
ac_cv_env_CPPFLAGS_value=
ac_cv_env_CXXFLAGS_set=
ac_cv_env_CXXFLAGS_value=
ac_cv_env_CXX_set=
ac_cv_env_CXX_value=
ac_cv_env_GLEW_CFLAGS_set=
ac_cv_env_GLEW_CFLAGS_value=
ac_cv_env_GLEW_LIBS_set=
ac_cv_env_GLEW_LIBS_value=
ac_cv_env_LDFLAGS_set=
ac_cv_env_LDFLAGS_value=
ac_cv_env_LIBS_set=
ac_cv_env_LIBS_value=
ac_cv_env_PKG_CONFIG_LIBDIR_set=
ac_cv_env_PKG_CONFIG_LIBDIR_value=
ac_cv_env_PKG_CONFIG_PATH_set=
ac_cv_env_PKG_CONFIG_PATH_value=
ac_cv_env_PKG_CONFIG_set=
ac_cv_env_PKG_CONFIG_value=
ac_cv_env_X11_CFLAGS_set=
ac_cv_env_X11_CFLAGS_value=
ac_cv_env_X11_LIBS_set=
ac_cv_env_X11_LIBS_value=
ac_cv_env_build_alias_set=
ac_cv_env_build_alias_value=
ac_cv_env_host_alias_set=
ac_cv_env_host_alias_value=
ac_cv_env_target_alias_set=
ac_cv_env_target_alias_value=
ac_cv_objext=o
ac_cv_path_WX_CONFIG_PATH=/usr/bin/wx-config
ac_cv_path_ac_pt_PKG_CONFIG=/usr/bin/pkg-config
ac_cv_path_install='/usr/bin/install -c'
ac_cv_path_mkdir=/bin/mkdir
ac_cv_prog_AWK=mawk
ac_cv_prog_ac_ct_CXX=g++
ac_cv_prog_cxx_g=yes
ac_cv_prog_make_make_set=yes
am_cv_CXX_dependencies_compiler_type=gcc3
am_cv_make_support_nested_variables=yes
pkg_cv_GLEW_CFLAGS=-I/usr/include/libdrm
pkg_cv_GLEW_LIBS='-lGLEW -lGLU -lGL'
pkg_cv_X11_CFLAGS=
pkg_cv_X11_LIBS=-lX11

## ----------------- ##
## Output variables. ##
## ----------------- ##

ACLOCAL='${SHELL} /home/tim/projects/wxGLtest/missing aclocal-1.15'
AMDEPBACKSLASH='\'
AMDEP_FALSE='#'
AMDEP_TRUE=''
AMTAR='$${TAR-tar}'
AM_BACKSLASH='\'
AM_DEFAULT_V='$(AM_DEFAULT_VERBOSITY)'
AM_DEFAULT_VERBOSITY='1'
AM_V='$(V)'
AUTOCONF='${SHELL} /home/tim/projects/wxGLtest/missing autoconf'
AUTOHEADER='${SHELL} /home/tim/projects/wxGLtest/missing autoheader'
AUTOMAKE='${SHELL} /home/tim/projects/wxGLtest/missing automake-1.15'
AWK='mawk'
CPPFLAGS=' -I/usr/lib/wx/include/gtk2-unicode-3.1 -I/usr/include/wx-3.1 -D_FILE_OFFSET_BITS=64 -DWXUSINGDLL -D__WXGTK__'
CXX='g++'
CXXDEPMODE='depmode=gcc3'
CXXFLAGS='-g3 -O0 '
CYGPATH_W='echo'
DEFS='-DHAVE_CONFIG_H'
DEPDIR='.deps'
ECHO_C=''
ECHO_N='-n'
ECHO_T=''
EXEEXT=''
GLEW_CFLAGS='-I/usr/include/libdrm'
GLEW_LIBS='-lGLEW -lGLU -lGL'
INSTALL_DATA='${INSTALL} -m 644'
INSTALL_PROGRAM='${INSTALL}'
INSTALL_SCRIPT='${INSTALL}'
INSTALL_STRIP_PROGRAM='$(install_sh) -c -s'
LDFLAGS=''
LIBOBJS=''
LIBS=' -pthread   -lwx_gtk2u_xrc-3.1 -lwx_gtk2u_stc-3.1 -lwx_gtk2u_richtext-3.1 -lwx_gtk2u_ribbon-3.1 -lwx_gtk2u_propgrid-3.1 -lwx_gtk2u_aui-3.1 -lwx_gtk2u_gl-3.1 -lwx_gtk2u_html-3.1 -lwx_gtk2u_qa-3.1 -lwx_gtk2u_adv-3.1 -lwx_gtk2u_core-3.1 -lwx_baseu_xml-3.1 -lwx_baseu_net-3.1 -lwx_baseu-3.1 '
LTLIBOBJS=''
MAKEINFO='${SHELL} /home/tim/projects/wxGLtest/missing makeinfo'
MKDIR_P='/bin/mkdir -p'
OBJEXT='o'
PACKAGE='wxgltest'
PACKAGE_BUGREPORT='tim@metaverse.systems'
PACKAGE_NAME='wxGLtest'
PACKAGE_STRING='wxGLtest 0.0.1'
PACKAGE_TARNAME='wxgltest'
PACKAGE_URL=''
PACKAGE_VERSION='0.0.1'
PATH_SEPARATOR=':'
PKG_CONFIG='/usr/bin/pkg-config'
PKG_CONFIG_LIBDIR=''
PKG_CONFIG_PATH=''
SET_MAKE=''
SHELL='/bin/bash'
STRIP=''
VERSION='0.0.1'
WX_CFLAGS='-I/usr/lib/wx/include/gtk2-unicode-3.1 -I/usr/include/wx-3.1 -D_FILE_OFFSET_BITS=64 -DWXUSINGDLL -D__WXGTK__ -pthread'
WX_CFLAGS_ONLY='-pthread'
WX_CONFIG_PATH='/usr/bin/wx-config'
WX_CPPFLAGS='-I/usr/lib/wx/include/gtk2-unicode-3.1 -I/usr/include/wx-3.1 -D_FILE_OFFSET_BITS=64 -DWXUSINGDLL -D__WXGTK__'
WX_CXXFLAGS='-I/usr/lib/wx/include/gtk2-unicode-3.1 -I/usr/include/wx-3.1 -D_FILE_OFFSET_BITS=64 -DWXUSINGDLL -D__WXGTK__ -pthread'
WX_CXXFLAGS_ONLY=''
WX_LIBS='-pthread   -lwx_gtk2u_xrc-3.1 -lwx_gtk2u_stc-3.1 -lwx_gtk2u_richtext-3.1 -lwx_gtk2u_ribbon-3.1 -lwx_gtk2u_propgrid-3.1 -lwx_gtk2u_aui-3.1 -lwx_gtk2u_gl-3.1 -lwx_gtk2u_html-3.1 -lwx_gtk2u_qa-3.1 -lwx_gtk2u_adv-3.1 -lwx_gtk2u_core-3.1 -lwx_baseu_xml-3.1 -lwx_baseu_net-3.1 -lwx_baseu-3.1 '
WX_LIBS_STATIC=''
WX_RESCOMP=''
WX_VERSION='3.1.0'
WX_VERSION_MAJOR='3'
WX_VERSION_MICRO='0'
WX_VERSION_MINOR='1'
X11_CFLAGS=''
X11_LIBS='-lX11'
ac_ct_CXX='g++'
am__EXEEXT_FALSE=''
am__EXEEXT_TRUE='#'
am__fastdepCXX_FALSE='#'
am__fastdepCXX_TRUE=''
am__include='include'
am__isrc=''
am__leading_dot='.'
am__nodep='_no'
am__quote=''
am__tar='$${TAR-tar} chof - "$$tardir"'
am__untar='$${TAR-tar} xf -'
bindir='${exec_prefix}/bin'
build_alias=''
datadir='${datarootdir}'
datarootdir='${prefix}/share'
docdir='${datarootdir}/doc/${PACKAGE_TARNAME}'
dvidir='${docdir}'
exec_prefix='${prefix}'
host_alias=''
htmldir='${docdir}'
includedir='${prefix}/include'
infodir='${datarootdir}/info'
install_sh='${SHELL} /home/tim/projects/wxGLtest/install-sh'
libdir='${exec_prefix}/lib'
libexecdir='${exec_prefix}/libexec'
localedir='${datarootdir}/locale'
localstatedir='${prefix}/var'
mandir='${datarootdir}/man'
mkdir_p='$(MKDIR_P)'
oldincludedir='/usr/include'
pdfdir='${docdir}'
prefix='/usr/local'
program_transform_name='s,x,x,'
psdir='${docdir}'
runstatedir='${localstatedir}/run'
sbindir='${exec_prefix}/sbin'
sharedstatedir='${prefix}/com'
sysconfdir='${prefix}/etc'
target_alias=''

## ----------- ##
## confdefs.h. ##
## ----------- ##

/* confdefs.h */
#define PACKAGE_NAME "wxGLtest"
#define PACKAGE_TARNAME "wxgltest"
#define PACKAGE_VERSION "0.0.1"
#define PACKAGE_STRING "wxGLtest 0.0.1"
#define PACKAGE_BUGREPORT "tim@metaverse.systems"
#define PACKAGE_URL ""
#define PACKAGE "wxgltest"
#define VERSION "0.0.1"

configure: exit 0
